================================================================================
= Started at 2023-05-23T17:13:05                                               =
= sys.argv = [                                                                 =
=   './sol.py',                                                                =
= ]                                                                            =
================================================================================
================================================================================
= Started at 2023-05-23T17:13:05                                               =
= sys.argv = [                                                                 =
=   './sol.py',                                                                =
= ]                                                                            =
================================================================================
2023-05-23T17:13:05:INFO:pwnlib.tubes.process.process.140412260328512:Starting local process '/mnt/g/GitLab/pwns/chall_14/chall_14'
2023-05-23T17:13:05:INFO:pwnlib.tubes.process.process.140412260328512:Starting local process '/mnt/g/GitLab/pwns/chall_14/chall_14': pid 6340
2023-05-23T17:13:05:INFO:pwnlib.tubes.process.process.140412260328512:Switching to interactive mode
================================================================================
= Started at 2023-05-23T17:13:05                                               =
= sys.argv = [                                                                 =
=   './sol.py',                                                                =
= ]                                                                            =
================================================================================
2023-05-23T17:13:05:INFO:pwnlib.tubes.process.process.140412260328512:Got EOF while reading in interactive
2023-05-23T17:13:06:INFO:pwnlib.tubes.process.process.140412260328512:Process '/mnt/g/GitLab/pwns/chall_14/chall_14' stopped with exit code -11 (SIGSEGV) (pid 6340)
2023-05-23T17:13:06:INFO:pwnlib.tubes.process.process.140412260328512:Got EOF while sending in interactive
================================================================================
= Started at 2023-05-23T17:13:06                                               =
= sys.argv = [                                                                 =
=   './sol.py',                                                                =
= ]                                                                            =
================================================================================
================================================================================
= Started at 2023-05-23T17:16:43                                               =
= sys.argv = [                                                                 =
=   './sol.py',                                                                =
= ]                                                                            =
================================================================================
================================================================================
= Started at 2023-05-23T17:16:43                                               =
= sys.argv = [                                                                 =
=   './sol.py',                                                                =
= ]                                                                            =
================================================================================
2023-05-23T17:16:43:INFO:pwnlib.tubes.process.process.140226226611456:Starting local process '/mnt/g/GitLab/pwns/chall_14/chall_14'
2023-05-23T17:16:43:INFO:pwnlib.tubes.process.process.140226226611456:Starting local process '/mnt/g/GitLab/pwns/chall_14/chall_14': pid 7058
================================================================================
= Started at 2023-05-23T17:16:43                                               =
= sys.argv = [                                                                 =
=   './sol.py',                                                                =
= ]                                                                            =
================================================================================
2023-05-23T17:16:43:INFO:pwnlib.tubes.process.process.140226226611456:Stopped process '/mnt/g/GitLab/pwns/chall_14/chall_14' (pid 7058)
================================================================================
= Started at 2023-05-23T17:16:54                                               =
= sys.argv = [                                                                 =
=   './sol.py',                                                                =
= ]                                                                            =
================================================================================
================================================================================
= Started at 2023-05-23T17:16:54                                               =
= sys.argv = [                                                                 =
=   './sol.py',                                                                =
= ]                                                                            =
================================================================================
2023-05-23T17:16:54:INFO:pwnlib.tubes.process.process.140347705877808:Starting local process '/mnt/g/GitLab/pwns/chall_14/chall_14'
2023-05-23T17:16:54:INFO:pwnlib.tubes.process.process.140347705877808:Starting local process '/mnt/g/GitLab/pwns/chall_14/chall_14': pid 7087
================================================================================
= Started at 2023-05-23T17:16:54                                               =
= sys.argv = [                                                                 =
=   './sol.py',                                                                =
= ]                                                                            =
================================================================================
2023-05-23T17:16:54:INFO:pwnlib.tubes.process.process.140347705877808:Stopped process '/mnt/g/GitLab/pwns/chall_14/chall_14' (pid 7087)
================================================================================
= Started at 2023-05-23T17:17:19                                               =
= sys.argv = [                                                                 =
=   './sol.py',                                                                =
= ]                                                                            =
================================================================================
================================================================================
= Started at 2023-05-23T17:17:19                                               =
= sys.argv = [                                                                 =
=   './sol.py',                                                                =
= ]                                                                            =
================================================================================
2023-05-23T17:17:19:INFO:pwnlib.tubes.process.process.140245155177968:Starting local process '/mnt/g/GitLab/pwns/chall_14/chall_14'
2023-05-23T17:17:19:INFO:pwnlib.tubes.process.process.140245155177968:Starting local process '/mnt/g/GitLab/pwns/chall_14/chall_14': pid 7116
2023-05-23T17:17:19:INFO:pwnlib.tubes.process.process.140245155177968:Switching to interactive mode
================================================================================
= Started at 2023-05-23T17:17:19                                               =
= sys.argv = [                                                                 =
=   './sol.py',                                                                =
= ]                                                                            =
================================================================================
2023-05-23T17:17:22:INFO:pwnlib.tubes.process.process.140245155177968:Got EOF while reading in interactive
2023-05-23T17:17:24:INFO:pwnlib.tubes.process.process.140245155177968:Process '/mnt/g/GitLab/pwns/chall_14/chall_14' stopped with exit code 0 (pid 7116)
2023-05-23T17:17:24:INFO:pwnlib.tubes.process.process.140245155177968:Got EOF while sending in interactive
================================================================================
= Started at 2023-05-23T17:17:24                                               =
= sys.argv = [                                                                 =
=   './sol.py',                                                                =
= ]                                                                            =
================================================================================
